[2024-10-29T17:03:20.015+0000] {local_task_job_runner.py:120} INFO - ::group::Pre task execution logs
[2024-10-29T17:03:20.047+0000] {taskinstance.py:2076} INFO - Dependencies all met for dep_context=non-requeueable deps ti=<TaskInstance: fetch_and_clean_stock_data.store_stock_data_s3 manual__2024-10-28T15:07:03.349825+00:00 [queued]>
[2024-10-29T17:03:20.053+0000] {taskinstance.py:2076} INFO - Dependencies all met for dep_context=requeueable deps ti=<TaskInstance: fetch_and_clean_stock_data.store_stock_data_s3 manual__2024-10-28T15:07:03.349825+00:00 [queued]>
[2024-10-29T17:03:20.054+0000] {taskinstance.py:2306} INFO - Starting attempt 5 of 5
[2024-10-29T17:03:20.063+0000] {taskinstance.py:2330} INFO - Executing <Task(PythonOperator): store_stock_data_s3> on 2024-10-28 15:07:03.349825+00:00
[2024-10-29T17:03:20.075+0000] {logging_mixin.py:188} WARNING - /home/***/.local/lib/python3.12/site-packages/***/task/task_runner/standard_task_runner.py:61 DeprecationWarning: This process (pid=11078) is multi-threaded, use of fork() may lead to deadlocks in the child.
[2024-10-29T17:03:20.079+0000] {standard_task_runner.py:63} INFO - Started process 11083 to run task
[2024-10-29T17:03:20.076+0000] {standard_task_runner.py:90} INFO - Running: ['***', 'tasks', 'run', 'fetch_and_clean_stock_data', 'store_stock_data_s3', 'manual__2024-10-28T15:07:03.349825+00:00', '--job-id', '199', '--raw', '--subdir', 'DAGS_FOLDER/stock_data_pipelines.py', '--cfg-path', '/tmp/tmpcm0c1t_8']
[2024-10-29T17:03:20.080+0000] {standard_task_runner.py:91} INFO - Job 199: Subtask store_stock_data_s3
[2024-10-29T17:03:20.102+0000] {logging_mixin.py:188} WARNING - /home/***/.local/lib/python3.12/site-packages/***/settings.py:195 DeprecationWarning: The sql_alchemy_conn option in [core] has been moved to the sql_alchemy_conn option in [database] - the old setting has been used, but please update your config.
[2024-10-29T17:03:20.154+0000] {task_command.py:426} INFO - Running <TaskInstance: fetch_and_clean_stock_data.store_stock_data_s3 manual__2024-10-28T15:07:03.349825+00:00 [running]> on host c64098c5955c
[2024-10-29T17:03:20.257+0000] {taskinstance.py:2648} INFO - Exporting env vars: AIRFLOW_CTX_DAG_OWNER='***' AIRFLOW_CTX_DAG_ID='fetch_and_clean_stock_data' AIRFLOW_CTX_TASK_ID='store_stock_data_s3' AIRFLOW_CTX_EXECUTION_DATE='2024-10-28T15:07:03.349825+00:00' AIRFLOW_CTX_TRY_NUMBER='5' AIRFLOW_CTX_DAG_RUN_ID='manual__2024-10-28T15:07:03.349825+00:00'
[2024-10-29T17:03:20.259+0000] {taskinstance.py:430} INFO - ::endgroup::
[2024-10-29T17:03:20.375+0000] {credentials.py:1147} INFO - Found credentials in environment variables.
[2024-10-29T17:03:21.662+0000] {taskinstance.py:441} INFO - ::group::Post task execution logs
[2024-10-29T17:03:21.663+0000] {taskinstance.py:2905} ERROR - Task failed with exception
Traceback (most recent call last):
  File "/home/airflow/.local/lib/python3.12/site-packages/boto3/s3/transfer.py", line 371, in upload_file
    future.result()
  File "/home/airflow/.local/lib/python3.12/site-packages/s3transfer/futures.py", line 103, in result
    return self._coordinator.result()
           ^^^^^^^^^^^^^^^^^^^^^^^^^^
  File "/home/airflow/.local/lib/python3.12/site-packages/s3transfer/futures.py", line 266, in result
    raise self._exception
  File "/home/airflow/.local/lib/python3.12/site-packages/s3transfer/tasks.py", line 139, in __call__
    return self._execute_main(kwargs)
           ^^^^^^^^^^^^^^^^^^^^^^^^^^
  File "/home/airflow/.local/lib/python3.12/site-packages/s3transfer/tasks.py", line 162, in _execute_main
    return_value = self._main(**kwargs)
                   ^^^^^^^^^^^^^^^^^^^^
  File "/home/airflow/.local/lib/python3.12/site-packages/s3transfer/upload.py", line 764, in _main
    client.put_object(Bucket=bucket, Key=key, Body=body, **extra_args)
  File "/home/airflow/.local/lib/python3.12/site-packages/botocore/client.py", line 565, in _api_call
    return self._make_api_call(operation_name, kwargs)
           ^^^^^^^^^^^^^^^^^^^^^^^^^^^^^^^^^^^^^^^^^^^
  File "/home/airflow/.local/lib/python3.12/site-packages/botocore/client.py", line 1021, in _make_api_call
    raise error_class(parsed_response, operation_name)
botocore.exceptions.ClientError: An error occurred (InvalidAccessKeyId) when calling the PutObject operation: The AWS Access Key Id you provided does not exist in our records.

During handling of the above exception, another exception occurred:

Traceback (most recent call last):
  File "/home/airflow/.local/lib/python3.12/site-packages/airflow/models/taskinstance.py", line 465, in _execute_task
    result = _execute_callable(context=context, **execute_callable_kwargs)
             ^^^^^^^^^^^^^^^^^^^^^^^^^^^^^^^^^^^^^^^^^^^^^^^^^^^^^^^^^^^^^
  File "/home/airflow/.local/lib/python3.12/site-packages/airflow/models/taskinstance.py", line 432, in _execute_callable
    return execute_callable(context=context, **execute_callable_kwargs)
           ^^^^^^^^^^^^^^^^^^^^^^^^^^^^^^^^^^^^^^^^^^^^^^^^^^^^^^^^^^^^
  File "/home/airflow/.local/lib/python3.12/site-packages/airflow/models/baseoperator.py", line 401, in wrapper
    return func(self, *args, **kwargs)
           ^^^^^^^^^^^^^^^^^^^^^^^^^^^
  File "/home/airflow/.local/lib/python3.12/site-packages/airflow/operators/python.py", line 235, in execute
    return_value = self.execute_callable()
                   ^^^^^^^^^^^^^^^^^^^^^^^
  File "/home/airflow/.local/lib/python3.12/site-packages/airflow/operators/python.py", line 252, in execute_callable
    return self.python_callable(*self.op_args, **self.op_kwargs)
           ^^^^^^^^^^^^^^^^^^^^^^^^^^^^^^^^^^^^^^^^^^^^^^^^^^^^^
  File "/opt/airflow/dags/utils/s3_helper.py", line 52, in store_stock_data_in_s3
    save_to_s3(df, bronze_stock_data_file_name)
  File "/opt/airflow/dags/utils/s3_helper.py", line 32, in save_to_s3
    s3.upload_file(local_path, bucket_name, file_name)
  File "/home/airflow/.local/lib/python3.12/site-packages/boto3/s3/inject.py", line 145, in upload_file
    return transfer.upload_file(
           ^^^^^^^^^^^^^^^^^^^^^
  File "/home/airflow/.local/lib/python3.12/site-packages/boto3/s3/transfer.py", line 377, in upload_file
    raise S3UploadFailedError(
boto3.exceptions.S3UploadFailedError: Failed to upload /opt/***/data/bronze/stock_data.parquet to stock-data-etl-hehj3kh3j3k/bronze/stock_data.parquet: An error occurred (InvalidAccessKeyId) when calling the PutObject operation: The AWS Access Key Id you provided does not exist in our records.
[2024-10-29T17:03:21.691+0000] {taskinstance.py:1206} INFO - Marking task as FAILED. dag_id=fetch_and_clean_stock_data, task_id=store_stock_data_s3, run_id=manual__2024-10-28T15:07:03.349825+00:00, execution_date=20241028T150703, start_date=20241029T170320, end_date=20241029T170321
[2024-10-29T17:03:21.706+0000] {standard_task_runner.py:110} ERROR - Failed to execute job 199 for task store_stock_data_s3 (Failed to upload /opt/***/data/bronze/stock_data.parquet to stock-data-etl-hehj3kh3j3k/bronze/stock_data.parquet: An error occurred (InvalidAccessKeyId) when calling the PutObject operation: The AWS Access Key Id you provided does not exist in our records.; 11083)
[2024-10-29T17:03:21.783+0000] {local_task_job_runner.py:240} INFO - Task exited with return code 1
[2024-10-29T17:03:21.820+0000] {taskinstance.py:3503} INFO - 0 downstream tasks scheduled from follow-on schedule check
[2024-10-29T17:03:21.822+0000] {local_task_job_runner.py:222} INFO - ::endgroup::
